Using pre-set license
Built from '2020.3/staging' branch; Version is '2020.3.24f1 (79c78de19888) revision 7980941'; Using compiler version '192528614'; Build Type 'Release'
OS: 'Windows 10  (10.0.19042) 64bit CoreSingleLanguage' Language: 'en' Physical Memory: 8028 MB
BatchMode: 1, IsHumanControllingUs: 0, StartBugReporterOnCrash: 0, Is64bit: 1, IsPro: 0

COMMAND LINE ARGUMENTS:
C:\Program Files\Unity\Hub\Editor\2020.3.24f1\Editor\Unity.exe
-adb2
-batchMode
-noUpm
-name
AssetImportWorker0
-projectPath
C:/Users/Kurt/Desktop/beatballgame-Progress2
-logFile
Logs/AssetImportWorker0.log
-srvPort
62126
Successfully changed project path to: C:/Users/Kurt/Desktop/beatballgame-Progress2
C:/Users/Kurt/Desktop/beatballgame-Progress2
Using Asset Import Pipeline V2.
Refreshing native plugins compatible for Editor in 38.96 ms, found 2 plugins.
Preloading 0 native plugins for Editor in 0.00 ms.
Initialize engine version: 2020.3.24f1 (79c78de19888)
[Subsystems] Discovering subsystems at path C:/Program Files/Unity/Hub/Editor/2020.3.24f1/Editor/Data/Resources/UnitySubsystems
[Subsystems] Discovering subsystems at path C:/Users/Kurt/Desktop/beatballgame-Progress2/Assets
GfxDevice: creating device client; threaded=0
Direct3D:
    Version:  Direct3D 11.0 [level 11.1]
    Renderer: Intel(R) UHD Graphics (ID=0x9b41)
    Vendor:   
    VRAM:     4014 MB
    Driver:   27.20.100.8681
Initialize mono
Mono path[0] = 'C:/Program Files/Unity/Hub/Editor/2020.3.24f1/Editor/Data/Managed'
Mono path[1] = 'C:/Program Files/Unity/Hub/Editor/2020.3.24f1/Editor/Data/MonoBleedingEdge/lib/mono/unityjit'
Mono config path = 'C:/Program Files/Unity/Hub/Editor/2020.3.24f1/Editor/Data/MonoBleedingEdge/etc'
Using monoOptions --debugger-agent=transport=dt_socket,embedding=1,server=y,suspend=n,address=127.0.0.1:56704
Begin MonoManager ReloadAssembly
Registering precompiled unity dll's ...
Register platform support module: C:/Program Files/Unity/Hub/Editor/2020.3.24f1/Editor/Data/PlaybackEngines/WindowsStandaloneSupport/UnityEditor.WindowsStandalone.Extensions.dll
Registered in 0.003110 seconds.
Native extension for WindowsStandalone target not found
Refreshing native plugins compatible for Editor in 36.87 ms, found 2 plugins.
Preloading 0 native plugins for Editor in 0.00 ms.
Mono: successfully reloaded assembly
- Completed reload, in  0.703 seconds
Domain Reload Profiling:
	ReloadAssembly (703ms)
		BeginReloadAssembly (64ms)
			ExecutionOrderSort (0ms)
			DisableScriptedObjects (0ms)
			BackupInstance (0ms)
			ReleaseScriptingObjects (0ms)
			CreateAndSetChildDomain (1ms)
		EndReloadAssembly (548ms)
			LoadAssemblies (61ms)
			RebuildTransferFunctionScriptingTraits (0ms)
			SetupTypeCache (205ms)
			ReleaseScriptCaches (0ms)
			RebuildScriptCaches (34ms)
			SetupLoadedEditorAssemblies (184ms)
				LogAssemblyErrors (0ms)
				InitializePlatformSupportModulesInManaged (5ms)
				SetLoadedEditorAssemblies (0ms)
				RefreshPlugins (37ms)
				BeforeProcessingInitializeOnLoad (8ms)
				ProcessInitializeOnLoadAttributes (99ms)
				ProcessInitializeOnLoadMethodAttributes (35ms)
				AfterProcessingInitializeOnLoad (0ms)
				EditorAssembliesLoaded (0ms)
			ExecutionOrderSort2 (0ms)
			AwakeInstancesAfterBackupRestoration (0ms)
Platform modules already initialized, skipping
Registering precompiled user dll's ...
Registered in 0.007742 seconds.
Begin MonoManager ReloadAssembly
Native extension for WindowsStandalone target not found
Refreshing native plugins compatible for Editor in 0.31 ms, found 2 plugins.
Preloading 0 native plugins for Editor in 0.00 ms.
Mono: successfully reloaded assembly
- Completed reload, in  1.130 seconds
Domain Reload Profiling:
	ReloadAssembly (1131ms)
		BeginReloadAssembly (153ms)
			ExecutionOrderSort (0ms)
			DisableScriptedObjects (4ms)
			BackupInstance (0ms)
			ReleaseScriptingObjects (0ms)
			CreateAndSetChildDomain (18ms)
		EndReloadAssembly (900ms)
			LoadAssemblies (94ms)
			RebuildTransferFunctionScriptingTraits (0ms)
			SetupTypeCache (326ms)
			ReleaseScriptCaches (0ms)
			RebuildScriptCaches (45ms)
			SetupLoadedEditorAssemblies (337ms)
				LogAssemblyErrors (0ms)
				InitializePlatformSupportModulesInManaged (5ms)
				SetLoadedEditorAssemblies (1ms)
				RefreshPlugins (0ms)
				BeforeProcessingInitializeOnLoad (62ms)
				ProcessInitializeOnLoadAttributes (250ms)
				ProcessInitializeOnLoadMethodAttributes (10ms)
				AfterProcessingInitializeOnLoad (9ms)
				EditorAssembliesLoaded (0ms)
			ExecutionOrderSort2 (0ms)
			AwakeInstancesAfterBackupRestoration (7ms)
Platform modules already initialized, skipping
========================================================================
Worker process is ready to serve import requests
Launched and connected shader compiler UnityShaderCompiler.exe after 0.11 seconds
Refreshing native plugins compatible for Editor in 0.29 ms, found 2 plugins.
Preloading 0 native plugins for Editor in 0.00 ms.
Unloading 1504 Unused Serialized files (Serialized files now loaded: 0)
System memory in use before: 67.7 MB.
System memory in use after: 67.8 MB.

Unloading 19 unused Assets to reduce memory usage. Loaded Objects now: 1937.
Total: 2.797300 ms (FindLiveObjects: 0.141300 ms CreateObjectMapping: 0.041600 ms MarkObjects: 2.549000 ms  DeleteObjects: 0.064000 ms)

AssetImportParameters requested are different than current active one (requested -> active):
  custom:framework-win-MediaFoundation: 216162199b28c13a410421893ffa2e32 -> 
  custom:video-decoder-ogg-theora: a1e56fd34408186e4bbccfd4996cb3dc -> 
  custom:container-muxer-webm: aa71ff27fc2769a1b78a27578f13a17b -> 
  custom:container-demuxer-webm: 4f35f7cbe854078d1ac9338744f61a02 -> 
  custom:container-demuxer-ogg: 62fdf1f143b41e24485cea50d1cbac27 -> 
  custom:video-encoder-webm-vp8: eb34c28f22e8b96e1ab97ce403110664 -> 
  custom:video-decoder-webm-vp8: 9c59270c3fd7afecdb556c50c9e8de78 -> 
  custom:audio-decoder-ogg-vorbis: bf7c407c2cedff20999df2af8eb42d56 -> 
  custom:audio-encoder-webm-vorbis: bf7c407c2cedff20999df2af8eb42d56 -> 
========================================================================
Received Import Request.
  path: Assets/Prefabs/Brick.prefab
  artifactKey: Guid(dade7d4b13733824b9c8ae0d8185e01e) Importer(815301076,1909f56bfc062723c751e8b465ee728b)
Start importing Assets/Prefabs/Brick.prefab using Guid(dade7d4b13733824b9c8ae0d8185e01e) Importer(815301076,1909f56bfc062723c751e8b465ee728b)  -> (artifact id: '034ba5f4b1f32a1e0ca99b7207441114') in 0.130606 seconds 
  Import took 0.134363 seconds .

========================================================================
Received Import Request.
  Time since last request: 3.921296 seconds.
  path: Assets/Scripts/Ball.cs
  artifactKey: Guid(6f3719a5e8d1e6740a4381092d4b8d25) Importer(815301076,1909f56bfc062723c751e8b465ee728b)
Start importing Assets/Scripts/Ball.cs using Guid(6f3719a5e8d1e6740a4381092d4b8d25) Importer(815301076,1909f56bfc062723c751e8b465ee728b)  -> (artifact id: '409e62d264faffa5ef04371513613701') in 0.008672 seconds 
  Import took 0.011719 seconds .

========================================================================
Received Import Request.
  Time since last request: 0.781935 seconds.
  path: Assets/Scripts/Brick.cs
  artifactKey: Guid(ebbe4612970526147953fa2fb051cac3) Importer(815301076,1909f56bfc062723c751e8b465ee728b)
Start importing Assets/Scripts/Brick.cs using Guid(ebbe4612970526147953fa2fb051cac3) Importer(815301076,1909f56bfc062723c751e8b465ee728b)  -> (artifact id: 'ea9ab85ff6bf2c37fc87e2f690dfc58d') in 0.005654 seconds 
  Import took 0.008751 seconds .

========================================================================
Received Import Request.
  Time since last request: 1.223388 seconds.
  path: Assets/Scripts/GameManager.cs
  artifactKey: Guid(27fc8b72c16d5db4da2146b5018c8dee) Importer(815301076,1909f56bfc062723c751e8b465ee728b)
Start importing Assets/Scripts/GameManager.cs using Guid(27fc8b72c16d5db4da2146b5018c8dee) Importer(815301076,1909f56bfc062723c751e8b465ee728b)  -> (artifact id: 'a761e6d7cfd82f8bc29bb02026fad9e5') in 0.005426 seconds 
  Import took 0.008596 seconds .

========================================================================
Received Import Request.
  Time since last request: 1.485501 seconds.
  path: Assets/Scripts/Player.cs
  artifactKey: Guid(615f63c3055c7f842bfc08f74e803ec3) Importer(815301076,1909f56bfc062723c751e8b465ee728b)
Start importing Assets/Scripts/Player.cs using Guid(615f63c3055c7f842bfc08f74e803ec3) Importer(815301076,1909f56bfc062723c751e8b465ee728b)  -> (artifact id: '3962b664ae7106285b0ac25642a422f9') in 0.006793 seconds 
  Import took 0.012347 seconds .

========================================================================
Received Import Request.
  Time since last request: 2.822759 seconds.
  path: Assets/Prefabs
  artifactKey: Guid(4675da6510b309f47a43362bf2457e4a) Importer(815301076,1909f56bfc062723c751e8b465ee728b)
Start importing Assets/Prefabs using Guid(4675da6510b309f47a43362bf2457e4a) Importer(815301076,1909f56bfc062723c751e8b465ee728b)  -> (artifact id: 'd862c463a9d7cf396b321f32bd1b9a3d') in 0.005436 seconds 
  Import took 0.008812 seconds .

========================================================================
Received Import Request.
  Time since last request: 1.048785 seconds.
  path: Assets/Materials
  artifactKey: Guid(8cd692fb9a34d4c42b2d842bbc73d327) Importer(815301076,1909f56bfc062723c751e8b465ee728b)
Start importing Assets/Materials using Guid(8cd692fb9a34d4c42b2d842bbc73d327) Importer(815301076,1909f56bfc062723c751e8b465ee728b)  -> (artifact id: '8ca4c8fb0315fda05e87124b0b5621b4') in 0.007706 seconds 
  Import took 0.010833 seconds .

